<?xml version="1.0" encoding="UTF-8"?>
<robot generator="Robot 5.0 (Python 3.9.4 on win32)" generated="20220516 19:17:49.466" rpa="false" schemaversion="3">
<suite id="s1" name="Busca" source="C:\rw5\parodifood\busca.robot">
<test id="s1-t1" name="Deve buscar um único restaurante" line="5">
<kw name="New Browser" library="Browser">
<arg>chromium</arg>
<arg>False</arg>
<tag>BrowserControl</tag>
<tag>Setter</tag>
<doc>Create a new playwright Browser with specified options.</doc>
<msg timestamp="20220516 19:17:50.827" level="INFO">{"browser": "chromium", "headless": false, "handleSIGINT": true, "handleSIGTERM": true, "handleSIGHUP": true, "timeout": 30000.0, "devtools": false, "slowMo": 0.0, "tracesDir": "C:\\rw5\\parodifood\\browser\\traces\\cb2be86f-b6b9-4204-9a73-b9c7b6a756e0"}</msg>
<msg timestamp="20220516 19:17:52.030" level="INFO">Successfully created browser with options: {"browser":"chromium","headless":false,"handleSIGINT":true,"handleSIGTERM":true,"handleSIGHUP":true,"timeout":30000,"devtools":false,"slowMo":0,"tracesDir":"C:\\rw5\\parodifood\\browser\\traces\\cb2be86f-b6b9-4204-9a73-b9c7b6a756e0"}</msg>
<status status="PASS" starttime="20220516 19:17:50.827" endtime="20220516 19:17:52.030"/>
</kw>
<kw name="New Page" library="Browser">
<arg>http://parodifood.qaninja.academy/</arg>
<tag>BrowserControl</tag>
<tag>Setter</tag>
<doc>Open a new Page.</doc>
<msg timestamp="20220516 19:17:55.397" level="INFO">Successfully initialized new page object and opened url: http://parodifood.qaninja.academy/</msg>
<msg timestamp="20220516 19:17:55.397" level="INFO">No context was open. New context was automatically opened when this page is created.</msg>
<status status="PASS" starttime="20220516 19:17:52.044" endtime="20220516 19:17:55.397"/>
</kw>
<kw name="Click" library="Browser">
<arg>text=Estou com fome!</arg>
<tag>PageContent</tag>
<tag>Setter</tag>
<doc>Simulates mouse click on the element found by ``selector``.</doc>
<status status="PASS" starttime="20220516 19:17:55.398" endtime="20220516 19:17:55.712"/>
</kw>
<kw name="Get Text" library="Browser">
<arg>css=h1 strong</arg>
<arg>contains</arg>
<arg>Ta na hora de matar a fome!</arg>
<tag>Assertion</tag>
<tag>Getter</tag>
<tag>PageContent</tag>
<doc>Returns text attribute of the element found by ``selector``.</doc>
<status status="PASS" starttime="20220516 19:17:55.713" endtime="20220516 19:17:55.766"/>
</kw>
<kw name="Sleep" library="BuiltIn">
<arg>5</arg>
<doc>Pauses the test executed for the given time.</doc>
<msg timestamp="20220516 19:18:00.768" level="INFO">Slept 5 seconds</msg>
<status status="PASS" starttime="20220516 19:17:55.767" endtime="20220516 19:18:00.768"/>
</kw>
<kw name="Click" library="Browser">
<arg>css=.search-link</arg>
<tag>PageContent</tag>
<tag>Setter</tag>
<doc>Simulates mouse click on the element found by ``selector``.</doc>
<status status="PASS" starttime="20220516 19:18:00.769" endtime="20220516 19:18:00.812"/>
</kw>
<kw name="Fill Text" library="Browser">
<arg>css=input[formcontrolname="searchControl"]</arg>
<arg>Debuger</arg>
<tag>PageContent</tag>
<tag>Setter</tag>
<doc>Clears and fills the given ``txt`` into the text field found by ``selector``.</doc>
<msg timestamp="20220516 19:18:00.813" level="INFO">Fills the text 'Debuger' in the given field.</msg>
<status status="PASS" starttime="20220516 19:18:00.813" endtime="20220516 19:18:00.866"/>
</kw>
<kw name="Wait For Elements State" library="Browser">
<arg>css=div[class="place-info-box"][style="opacity: 1;"]</arg>
<arg>visible</arg>
<arg>10</arg>
<tag>PageContent</tag>
<tag>Wait</tag>
<doc>Waits for the element found by ``selector`` to satisfy state option.</doc>
<msg timestamp="20220516 19:18:01.859" level="INFO">Waited for Element with selector css=div[class="place-info-box"][style="opacity: 1;"] at state visible</msg>
<status status="PASS" starttime="20220516 19:18:00.867" endtime="20220516 19:18:01.859"/>
</kw>
<kw name="Get Text" library="Browser">
<arg>css=.place-info-box</arg>
<arg>contains</arg>
<arg>DEBUGER KING</arg>
<tag>Assertion</tag>
<tag>Getter</tag>
<tag>PageContent</tag>
<doc>Returns text attribute of the element found by ``selector``.</doc>
<status status="PASS" starttime="20220516 19:18:01.859" endtime="20220516 19:18:01.882"/>
</kw>
<kw name="Sleep" library="BuiltIn">
<arg>5</arg>
<doc>Pauses the test executed for the given time.</doc>
<msg timestamp="20220516 19:18:06.898" level="INFO">Slept 5 seconds</msg>
<status status="PASS" starttime="20220516 19:18:01.882" endtime="20220516 19:18:06.898"/>
</kw>
<kw name="Take Screenshot" library="Browser">
<tag>PageContent</tag>
<doc>Takes a screenshot of the current window or element and saves it to disk.</doc>
<msg timestamp="20220516 19:18:07.136" level="INFO" html="true">&lt;/td&gt;&lt;/tr&gt;&lt;tr&gt;&lt;td colspan="3"&gt;&lt;a href="browser/screenshot/robotframework-browser-screenshot-1.png"&gt;&lt;img src="browser/screenshot/robotframework-browser-screenshot-1.png" width="800px"&gt;&lt;/a&gt;</msg>
<status status="PASS" starttime="20220516 19:18:06.899" endtime="20220516 19:18:07.136"/>
</kw>
<status status="PASS" starttime="20220516 19:17:50.823" endtime="20220516 19:18:07.137"/>
</test>
<status status="PASS" starttime="20220516 19:17:49.469" endtime="20220516 19:18:07.313"/>
</suite>
<statistics>
<total>
<stat pass="1" fail="0" skip="0">All Tests</stat>
</total>
<tag>
</tag>
<suite>
<stat pass="1" fail="0" skip="0" id="s1" name="Busca">Busca</stat>
</suite>
</statistics>
<errors>
</errors>
</robot>
